{"C:\\Users\\franc\\Desktop\\SAD\\GitLab\\serverless\\__tests__\\data\\functions\\create-new-report.mjs": {"path":"C:\\Users\\franc\\Desktop\\SAD\\GitLab\\serverless\\__tests__\\data\\functions\\create-new-report.mjs","statementMap":{"0":{"start":{"line":4,"column":61},"end":{"line":4,"column":72}},"1":{"start":{"line":5,"column":17},"end":{"line":5,"column":37}},"2":{"start":{"line":7,"column":23},"end":{"line":69,"column":1}},"3":{"start":{"line":8,"column":2},"end":{"line":68,"column":3}},"4":{"start":{"line":9,"column":60},"end":{"line":9,"column":85}},"5":{"start":{"line":11,"column":4},"end":{"line":13,"column":5}},"6":{"start":{"line":12,"column":6},"end":{"line":12,"column":58}},"7":{"start":{"line":15,"column":19},"end":{"line":23,"column":5}},"8":{"start":{"line":25,"column":21},"end":{"line":25,"column":66}},"9":{"start":{"line":27,"column":26},"end":{"line":27,"column":73}},"10":{"start":{"line":27,"column":55},"end":{"line":27,"column":72}},"11":{"start":{"line":29,"column":24},"end":{"line":29,"column":71}},"12":{"start":{"line":29,"column":53},"end":{"line":29,"column":70}},"13":{"start":{"line":31,"column":4},"end":{"line":33,"column":5}},"14":{"start":{"line":32,"column":6},"end":{"line":32,"column":46}},"15":{"start":{"line":35,"column":21},"end":{"line":35,"column":27}},"16":{"start":{"line":37,"column":26},"end":{"line":49,"column":5}},"17":{"start":{"line":51,"column":27},"end":{"line":51,"column":60}},"18":{"start":{"line":52,"column":4},"end":{"line":52,"column":40}},"19":{"start":{"line":54,"column":29},"end":{"line":60,"column":5}},"20":{"start":{"line":62,"column":30},"end":{"line":62,"column":69}},"21":{"start":{"line":63,"column":4},"end":{"line":63,"column":43}},"22":{"start":{"line":65,"column":4},"end":{"line":65,"column":39}},"23":{"start":{"line":67,"column":4},"end":{"line":67,"column":67}}},"fnMap":{"0":{"name":"(anonymous_0)","decl":{"start":{"line":7,"column":23},"end":{"line":7,"column":24}},"loc":{"start":{"line":7,"column":49},"end":{"line":69,"column":1}},"line":7},"1":{"name":"(anonymous_1)","decl":{"start":{"line":27,"column":45},"end":{"line":27,"column":46}},"loc":{"start":{"line":27,"column":55},"end":{"line":27,"column":72}},"line":27},"2":{"name":"(anonymous_2)","decl":{"start":{"line":29,"column":45},"end":{"line":29,"column":46}},"loc":{"start":{"line":29,"column":53},"end":{"line":29,"column":70}},"line":29}},"branchMap":{"0":{"loc":{"start":{"line":11,"column":4},"end":{"line":13,"column":5}},"type":"if","locations":[{"start":{"line":11,"column":4},"end":{"line":13,"column":5}},{"start":{},"end":{}}],"line":11},"1":{"loc":{"start":{"line":31,"column":4},"end":{"line":33,"column":5}},"type":"if","locations":[{"start":{"line":31,"column":4},"end":{"line":33,"column":5}},{"start":{},"end":{}}],"line":31},"2":{"loc":{"start":{"line":31,"column":8},"end":{"line":31,"column":47}},"type":"binary-expr","locations":[{"start":{"line":31,"column":8},"end":{"line":31,"column":19}},{"start":{"line":31,"column":23},"end":{"line":31,"column":47}}],"line":31}},"s":{"0":1,"1":1,"2":1,"3":1,"4":1,"5":1,"6":0,"7":1,"8":1,"9":1,"10":8,"11":1,"12":8,"13":1,"14":0,"15":1,"16":1,"17":1,"18":1,"19":1,"20":1,"21":1,"22":1,"23":0},"f":{"0":1,"1":8,"2":8},"b":{"0":[0,1],"1":[0,1],"2":[1,1]},"inputSourceMap":null,"_coverageSchema":"1a1c01bbd47fc00a2c39e90264f33305004495a9","hash":"55d5e7b23ac9bc1afe542eae78ca2f38215cb18a"}
,"C:\\Users\\franc\\Desktop\\SAD\\GitLab\\serverless\\__tests__\\lib\\graphql.mjs": {"path":"C:\\Users\\franc\\Desktop\\SAD\\GitLab\\serverless\\__tests__\\lib\\graphql.mjs","statementMap":{"0":{"start":{"line":4,"column":18},"end":{"line":4,"column":20}},"1":{"start":{"line":5,"column":32},"end":{"line":5,"column":78}},"2":{"start":{"line":5,"column":52},"end":{"line":5,"column":78}},"3":{"start":{"line":7,"column":22},"end":{"line":18,"column":1}},"4":{"start":{"line":8,"column":2},"end":{"line":17,"column":3}},"5":{"start":{"line":9,"column":25},"end":{"line":15,"column":1}},"6":{"start":{"line":16,"column":4},"end":{"line":16,"column":33}},"7":{"start":{"line":21,"column":2},"end":{"line":33,"column":3}},"8":{"start":{"line":22,"column":4},"end":{"line":32,"column":5}},"9":{"start":{"line":23,"column":6},"end":{"line":23,"column":29}},"10":{"start":{"line":24,"column":6},"end":{"line":24,"column":16}},"11":{"start":{"line":26,"column":23},"end":{"line":26,"column":38}},"12":{"start":{"line":27,"column":30},"end":{"line":27,"column":72}},"13":{"start":{"line":29,"column":6},"end":{"line":31,"column":7}},"14":{"start":{"line":30,"column":8},"end":{"line":30,"column":24}},"15":{"start":{"line":36,"column":23},"end":{"line":65,"column":1}},"16":{"start":{"line":37,"column":18},"end":{"line":37,"column":20}},"17":{"start":{"line":38,"column":2},"end":{"line":40,"column":3}},"18":{"start":{"line":39,"column":4},"end":{"line":39,"column":32}},"19":{"start":{"line":42,"column":24},"end":{"line":44,"column":33}},"20":{"start":{"line":44,"column":17},"end":{"line":44,"column":32}},"21":{"start":{"line":46,"column":2},"end":{"line":64,"column":3}},"22":{"start":{"line":47,"column":17},"end":{"line":55,"column":6}},"23":{"start":{"line":57,"column":29},"end":{"line":57,"column":38}},"24":{"start":{"line":58,"column":4},"end":{"line":58,"column":45}},"25":{"start":{"line":59,"column":4},"end":{"line":59,"column":15}},"26":{"start":{"line":61,"column":19},"end":{"line":61,"column":55}},"27":{"start":{"line":62,"column":4},"end":{"line":62,"column":45}},"28":{"start":{"line":63,"column":4},"end":{"line":63,"column":15}}},"fnMap":{"0":{"name":"(anonymous_0)","decl":{"start":{"line":5,"column":32},"end":{"line":5,"column":33}},"loc":{"start":{"line":5,"column":52},"end":{"line":5,"column":78}},"line":5},"1":{"name":"(anonymous_1)","decl":{"start":{"line":7,"column":22},"end":{"line":7,"column":23}},"loc":{"start":{"line":7,"column":54},"end":{"line":18,"column":1}},"line":7},"2":{"name":"findUsedFragments","decl":{"start":{"line":20,"column":10},"end":{"line":20,"column":27}},"loc":{"start":{"line":20,"column":63},"end":{"line":34,"column":1}},"line":20},"3":{"name":"(anonymous_3)","decl":{"start":{"line":36,"column":23},"end":{"line":36,"column":24}},"loc":{"start":{"line":36,"column":67},"end":{"line":65,"column":1}},"line":36},"4":{"name":"(anonymous_4)","decl":{"start":{"line":44,"column":9},"end":{"line":44,"column":10}},"loc":{"start":{"line":44,"column":17},"end":{"line":44,"column":32}},"line":44}},"branchMap":{"0":{"loc":{"start":{"line":8,"column":2},"end":{"line":17,"column":3}},"type":"if","locations":[{"start":{"line":8,"column":2},"end":{"line":17,"column":3}},{"start":{},"end":{}}],"line":8},"1":{"loc":{"start":{"line":20,"column":36},"end":{"line":20,"column":61}},"type":"default-arg","locations":[{"start":{"line":20,"column":52},"end":{"line":20,"column":61}}],"line":20},"2":{"loc":{"start":{"line":22,"column":4},"end":{"line":32,"column":5}},"type":"if","locations":[{"start":{"line":22,"column":4},"end":{"line":32,"column":5}},{"start":{},"end":{}}],"line":22},"3":{"loc":{"start":{"line":22,"column":8},"end":{"line":22,"column":56}},"type":"binary-expr","locations":[{"start":{"line":22,"column":8},"end":{"line":22,"column":28}},{"start":{"line":22,"column":32},"end":{"line":22,"column":56}}],"line":22},"4":{"loc":{"start":{"line":36,"column":42},"end":{"line":36,"column":56}},"type":"default-arg","locations":[{"start":{"line":36,"column":54},"end":{"line":36,"column":56}}],"line":36},"5":{"loc":{"start":{"line":38,"column":2},"end":{"line":40,"column":3}},"type":"if","locations":[{"start":{"line":38,"column":2},"end":{"line":40,"column":3}},{"start":{},"end":{}}],"line":38}},"s":{"0":1,"1":1,"2":0,"3":1,"4":0,"5":0,"6":0,"7":0,"8":0,"9":0,"10":0,"11":0,"12":0,"13":0,"14":0,"15":1,"16":0,"17":0,"18":0,"19":0,"20":0,"21":0,"22":0,"23":0,"24":0,"25":0,"26":0,"27":0,"28":0},"f":{"0":0,"1":0,"2":0,"3":0,"4":0},"b":{"0":[0,0],"1":[0],"2":[0,0],"3":[0,0],"4":[0],"5":[0,0]},"inputSourceMap":null,"_coverageSchema":"1a1c01bbd47fc00a2c39e90264f33305004495a9","hash":"cba5c231d4d1bddab270a8e3772f885de570836e"}
,"C:\\Users\\franc\\Desktop\\SAD\\GitLab\\serverless\\__tests__\\lib\\lib.mjs": {"path":"C:\\Users\\franc\\Desktop\\SAD\\GitLab\\serverless\\__tests__\\lib\\lib.mjs","statementMap":{"0":{"start":{"line":5,"column":15},"end":{"line":5,"column":27}},"1":{"start":{"line":8,"column":27},"end":{"line":8,"column":55}},"2":{"start":{"line":9,"column":27},"end":{"line":9,"column":55}},"3":{"start":{"line":10,"column":25},"end":{"line":10,"column":61}},"4":{"start":{"line":11,"column":24},"end":{"line":11,"column":36}},"5":{"start":{"line":14,"column":26},"end":{"line":14,"column":68}},"6":{"start":{"line":15,"column":6},"end":{"line":15,"column":34}},"7":{"start":{"line":18,"column":26},"end":{"line":23,"column":5}},"8":{"start":{"line":25,"column":21},"end":{"line":25,"column":81}},"9":{"start":{"line":26,"column":4},"end":{"line":28,"column":5}},"10":{"start":{"line":26,"column":17},"end":{"line":26,"column":37}},"11":{"start":{"line":27,"column":6},"end":{"line":27,"column":50}},"12":{"start":{"line":30,"column":4},"end":{"line":33,"column":5}},"13":{"start":{"line":30,"column":17},"end":{"line":30,"column":41}},"14":{"start":{"line":31,"column":16},"end":{"line":31,"column":51}},"15":{"start":{"line":32,"column":6},"end":{"line":32,"column":82}},"16":{"start":{"line":35,"column":4},"end":{"line":35,"column":34}},"17":{"start":{"line":40,"column":4},"end":{"line":67,"column":27}},"18":{"start":{"line":72,"column":42},"end":{"line":112,"column":1}},"19":{"start":{"line":74,"column":22},"end":{"line":74,"column":60}},"20":{"start":{"line":77,"column":30},"end":{"line":77,"column":89}},"21":{"start":{"line":77,"column":58},"end":{"line":77,"column":88}},"22":{"start":{"line":80,"column":4},"end":{"line":82,"column":5}},"23":{"start":{"line":81,"column":8},"end":{"line":81,"column":80}},"24":{"start":{"line":85,"column":19},"end":{"line":85,"column":59}},"25":{"start":{"line":87,"column":26},"end":{"line":87,"column":59}},"26":{"start":{"line":88,"column":24},"end":{"line":88,"column":57}},"27":{"start":{"line":89,"column":24},"end":{"line":89,"column":57}},"28":{"start":{"line":92,"column":30},"end":{"line":101,"column":5}},"29":{"start":{"line":104,"column":19},"end":{"line":104,"column":55}},"30":{"start":{"line":107,"column":4},"end":{"line":111,"column":6}},"31":{"start":{"line":114,"column":32},"end":{"line":144,"column":1}},"32":{"start":{"line":115,"column":19},"end":{"line":115,"column":21}},"33":{"start":{"line":117,"column":2},"end":{"line":141,"column":3}},"34":{"start":{"line":117,"column":15},"end":{"line":117,"column":16}},"35":{"start":{"line":118,"column":18},"end":{"line":118,"column":52}},"36":{"start":{"line":119,"column":20},"end":{"line":119,"column":53}},"37":{"start":{"line":121,"column":22},"end":{"line":121,"column":27}},"38":{"start":{"line":122,"column":24},"end":{"line":122,"column":31}},"39":{"start":{"line":123,"column":20},"end":{"line":123,"column":33}},"40":{"start":{"line":124,"column":22},"end":{"line":124,"column":56}},"41":{"start":{"line":126,"column":20},"end":{"line":138,"column":5}},"42":{"start":{"line":140,"column":4},"end":{"line":140,"column":27}},"43":{"start":{"line":143,"column":2},"end":{"line":143,"column":18}}},"fnMap":{"0":{"name":"generateRandomPassword","decl":{"start":{"line":7,"column":16},"end":{"line":7,"column":38}},"loc":{"start":{"line":7,"column":47},"end":{"line":36,"column":3}},"line":7},"1":{"name":"getRandomChar","decl":{"start":{"line":13,"column":13},"end":{"line":13,"column":26}},"loc":{"start":{"line":13,"column":36},"end":{"line":16,"column":5}},"line":13},"2":{"name":"getInvalidSecret","decl":{"start":{"line":38,"column":18},"end":{"line":38,"column":34}},"loc":{"start":{"line":38,"column":36},"end":{"line":69,"column":3}},"line":38},"3":{"name":"(anonymous_3)","decl":{"start":{"line":72,"column":42},"end":{"line":72,"column":43}},"loc":{"start":{"line":72,"column":80},"end":{"line":112,"column":1}},"line":72},"4":{"name":"(anonymous_4)","decl":{"start":{"line":77,"column":48},"end":{"line":77,"column":49}},"loc":{"start":{"line":77,"column":58},"end":{"line":77,"column":88}},"line":77},"5":{"name":"(anonymous_5)","decl":{"start":{"line":114,"column":32},"end":{"line":114,"column":33}},"loc":{"start":{"line":114,"column":43},"end":{"line":144,"column":1}},"line":114}},"branchMap":{"0":{"loc":{"start":{"line":80,"column":4},"end":{"line":82,"column":5}},"type":"if","locations":[{"start":{"line":80,"column":4},"end":{"line":82,"column":5}},{"start":{},"end":{}}],"line":80},"1":{"loc":{"start":{"line":119,"column":20},"end":{"line":119,"column":53}},"type":"cond-expr","locations":[{"start":{"line":119,"column":42},"end":{"line":119,"column":46}},{"start":{"line":119,"column":49},"end":{"line":119,"column":53}}],"line":119},"2":{"loc":{"start":{"line":124,"column":22},"end":{"line":124,"column":56}},"type":"cond-expr","locations":[{"start":{"line":124,"column":45},"end":{"line":124,"column":49}},{"start":{"line":124,"column":52},"end":{"line":124,"column":56}}],"line":124}},"s":{"0":1,"1":0,"2":0,"3":0,"4":0,"5":0,"6":0,"7":0,"8":0,"9":0,"10":0,"11":0,"12":0,"13":0,"14":0,"15":0,"16":0,"17":0,"18":1,"19":0,"20":0,"21":0,"22":0,"23":0,"24":0,"25":0,"26":0,"27":0,"28":0,"29":0,"30":0,"31":1,"32":0,"33":0,"34":0,"35":0,"36":0,"37":0,"38":0,"39":0,"40":0,"41":0,"42":0,"43":0},"f":{"0":0,"1":0,"2":0,"3":0,"4":0,"5":0},"b":{"0":[0,0],"1":[0,0],"2":[0,0]},"inputSourceMap":null,"_coverageSchema":"1a1c01bbd47fc00a2c39e90264f33305004495a9","hash":"4945bb62e6af2294a69f89ff6bb5732013100d4e"}
,"C:\\Users\\franc\\Desktop\\SAD\\GitLab\\serverless\\__tests__\\steps\\given.mjs": {"path":"C:\\Users\\franc\\Desktop\\SAD\\GitLab\\serverless\\__tests__\\steps\\given.mjs","statementMap":{"0":{"start":{"line":8,"column":0},"end":{"line":8,"column":16}},"1":{"start":{"line":9,"column":77},"end":{"line":9,"column":88}},"2":{"start":{"line":10,"column":17},"end":{"line":10,"column":37}},"3":{"start":{"line":11,"column":15},"end":{"line":11,"column":27}},"4":{"start":{"line":13,"column":44},"end":{"line":23,"column":1}},"5":{"start":{"line":15,"column":16},"end":{"line":15,"column":38}},"6":{"start":{"line":16,"column":19},"end":{"line":16,"column":29}},"7":{"start":{"line":18,"column":2},"end":{"line":21,"column":3}},"8":{"start":{"line":25,"column":41},"end":{"line":35,"column":1}},"9":{"start":{"line":27,"column":16},"end":{"line":27,"column":30}},"10":{"start":{"line":28,"column":19},"end":{"line":28,"column":43}},"11":{"start":{"line":30,"column":2},"end":{"line":33,"column":3}},"12":{"start":{"line":37,"column":36},"end":{"line":61,"column":1}},"13":{"start":{"line":39,"column":18},"end":{"line":53,"column":3}},"14":{"start":{"line":55,"column":24},"end":{"line":55,"column":42}},"15":{"start":{"line":57,"column":16},"end":{"line":57,"column":135}},"16":{"start":{"line":59,"column":2},"end":{"line":59,"column":15}},"17":{"start":{"line":63,"column":43},"end":{"line":72,"column":1}},"18":{"start":{"line":65,"column":16},"end":{"line":65,"column":38}},"19":{"start":{"line":66,"column":19},"end":{"line":66,"column":29}},"20":{"start":{"line":68,"column":21},"end":{"line":68,"column":52}},"21":{"start":{"line":70,"column":2},"end":{"line":70,"column":20}},"22":{"start":{"line":74,"column":38},"end":{"line":83,"column":1}},"23":{"start":{"line":76,"column":16},"end":{"line":76,"column":45}},"24":{"start":{"line":77,"column":19},"end":{"line":77,"column":29}},"25":{"start":{"line":79,"column":21},"end":{"line":79,"column":52}},"26":{"start":{"line":81,"column":2},"end":{"line":81,"column":20}},"27":{"start":{"line":85,"column":26},"end":{"line":114,"column":1}},"28":{"start":{"line":87,"column":17},"end":{"line":87,"column":43}},"29":{"start":{"line":89,"column":2},"end":{"line":93,"column":3}},"30":{"start":{"line":90,"column":4},"end":{"line":90,"column":64}},"31":{"start":{"line":92,"column":4},"end":{"line":92,"column":66}},"32":{"start":{"line":94,"column":15},"end":{"line":94,"column":37}},"33":{"start":{"line":95,"column":18},"end":{"line":95,"column":40}},"34":{"start":{"line":96,"column":20},"end":{"line":96,"column":65}},"35":{"start":{"line":97,"column":16},"end":{"line":97,"column":101}},"36":{"start":{"line":99,"column":38},"end":{"line":99,"column":96}},"37":{"start":{"line":101,"column":2},"end":{"line":113,"column":3}},"38":{"start":{"line":116,"column":30},"end":{"line":158,"column":1}},"39":{"start":{"line":118,"column":17},"end":{"line":118,"column":43}},"40":{"start":{"line":120,"column":2},"end":{"line":124,"column":3}},"41":{"start":{"line":121,"column":4},"end":{"line":121,"column":64}},"42":{"start":{"line":123,"column":4},"end":{"line":123,"column":66}},"43":{"start":{"line":125,"column":15},"end":{"line":125,"column":37}},"44":{"start":{"line":126,"column":18},"end":{"line":126,"column":40}},"45":{"start":{"line":127,"column":20},"end":{"line":127,"column":65}},"46":{"start":{"line":128,"column":16},"end":{"line":128,"column":101}},"47":{"start":{"line":130,"column":38},"end":{"line":130,"column":96}},"48":{"start":{"line":132,"column":30},"end":{"line":132,"column":31}},"49":{"start":{"line":134,"column":21},"end":{"line":134,"column":93}},"50":{"start":{"line":136,"column":23},"end":{"line":136,"column":66}},"51":{"start":{"line":136,"column":49},"end":{"line":136,"column":64}},"52":{"start":{"line":138,"column":24},"end":{"line":138,"column":61}},"53":{"start":{"line":141,"column":2},"end":{"line":157,"column":3}},"54":{"start":{"line":160,"column":32},"end":{"line":166,"column":1}},"55":{"start":{"line":162,"column":18},"end":{"line":162,"column":75}},"56":{"start":{"line":164,"column":2},"end":{"line":164,"column":20}},"57":{"start":{"line":168,"column":48},"end":{"line":206,"column":1}},"58":{"start":{"line":169,"column":2},"end":{"line":205,"column":3}},"59":{"start":{"line":171,"column":24},"end":{"line":171,"column":65}},"60":{"start":{"line":172,"column":17},"end":{"line":172,"column":49}},"61":{"start":{"line":174,"column":4},"end":{"line":176,"column":5}},"62":{"start":{"line":175,"column":6},"end":{"line":175,"column":54}},"63":{"start":{"line":178,"column":18},"end":{"line":182,"column":5}},"64":{"start":{"line":179,"column":6},"end":{"line":181,"column":7}},"65":{"start":{"line":180,"column":51},"end":{"line":180,"column":96}},"66":{"start":{"line":184,"column":4},"end":{"line":186,"column":5}},"67":{"start":{"line":185,"column":6},"end":{"line":185,"column":86}},"68":{"start":{"line":188,"column":24},"end":{"line":188,"column":26}},"69":{"start":{"line":189,"column":20},"end":{"line":189,"column":29}},"70":{"start":{"line":191,"column":4},"end":{"line":199,"column":5}},"71":{"start":{"line":192,"column":26},"end":{"line":192,"column":66}},"72":{"start":{"line":193,"column":25},"end":{"line":193,"column":43}},"73":{"start":{"line":195,"column":6},"end":{"line":198,"column":7}},"74":{"start":{"line":196,"column":8},"end":{"line":196,"column":37}},"75":{"start":{"line":197,"column":8},"end":{"line":197,"column":35}},"76":{"start":{"line":201,"column":4},"end":{"line":201,"column":23}},"77":{"start":{"line":203,"column":4},"end":{"line":203,"column":72}},"78":{"start":{"line":204,"column":4},"end":{"line":204,"column":16}},"79":{"start":{"line":208,"column":35},"end":{"line":241,"column":1}},"80":{"start":{"line":210,"column":2},"end":{"line":239,"column":3}},"81":{"start":{"line":212,"column":19},"end":{"line":220,"column":5}},"82":{"start":{"line":222,"column":21},"end":{"line":222,"column":66}},"83":{"start":{"line":224,"column":24},"end":{"line":226,"column":5}},"84":{"start":{"line":225,"column":6},"end":{"line":225,"column":23}},"85":{"start":{"line":228,"column":4},"end":{"line":230,"column":5}},"86":{"start":{"line":229,"column":6},"end":{"line":229,"column":68}},"87":{"start":{"line":233,"column":24},"end":{"line":233,"column":70}},"88":{"start":{"line":234,"column":4},"end":{"line":234,"column":36}},"89":{"start":{"line":237,"column":4},"end":{"line":237,"column":70}},"90":{"start":{"line":238,"column":4},"end":{"line":238,"column":16}},"91":{"start":{"line":243,"column":28},"end":{"line":252,"column":1}},"92":{"start":{"line":245,"column":2},"end":{"line":250,"column":3}},"93":{"start":{"line":254,"column":39},"end":{"line":294,"column":1}},"94":{"start":{"line":256,"column":2},"end":{"line":292,"column":3}},"95":{"start":{"line":258,"column":19},"end":{"line":266,"column":5}},"96":{"start":{"line":268,"column":21},"end":{"line":268,"column":66}},"97":{"start":{"line":270,"column":24},"end":{"line":272,"column":5}},"98":{"start":{"line":271,"column":6},"end":{"line":271,"column":23}},"99":{"start":{"line":274,"column":24},"end":{"line":274,"column":70}},"100":{"start":{"line":275,"column":17},"end":{"line":275,"column":49}},"101":{"start":{"line":277,"column":18},"end":{"line":281,"column":5}},"102":{"start":{"line":278,"column":6},"end":{"line":280,"column":7}},"103":{"start":{"line":279,"column":51},"end":{"line":279,"column":96}},"104":{"start":{"line":283,"column":20},"end":{"line":283,"column":53}},"105":{"start":{"line":283,"column":38},"end":{"line":283,"column":52}},"106":{"start":{"line":285,"column":24},"end":{"line":285,"column":71}},"107":{"start":{"line":285,"column":45},"end":{"line":285,"column":70}},"108":{"start":{"line":286,"column":24},"end":{"line":286,"column":70}},"109":{"start":{"line":287,"column":4},"end":{"line":287,"column":36}},"110":{"start":{"line":290,"column":4},"end":{"line":290,"column":70}},"111":{"start":{"line":291,"column":4},"end":{"line":291,"column":16}},"112":{"start":{"line":296,"column":34},"end":{"line":331,"column":1}},"113":{"start":{"line":298,"column":2},"end":{"line":330,"column":3}},"114":{"start":{"line":299,"column":19},"end":{"line":307,"column":5}},"115":{"start":{"line":309,"column":21},"end":{"line":309,"column":66}},"116":{"start":{"line":311,"column":20},"end":{"line":318,"column":7}},"117":{"start":{"line":311,"column":50},"end":{"line":318,"column":5}},"118":{"start":{"line":320,"column":4},"end":{"line":322,"column":5}},"119":{"start":{"line":321,"column":6},"end":{"line":321,"column":65}},"120":{"start":{"line":324,"column":24},"end":{"line":324,"column":66}},"121":{"start":{"line":325,"column":4},"end":{"line":325,"column":32}},"122":{"start":{"line":328,"column":4},"end":{"line":328,"column":67}},"123":{"start":{"line":329,"column":4},"end":{"line":329,"column":16}},"124":{"start":{"line":333,"column":38},"end":{"line":363,"column":1}},"125":{"start":{"line":334,"column":2},"end":{"line":362,"column":3}},"126":{"start":{"line":336,"column":29},"end":{"line":339,"column":5}},"127":{"start":{"line":341,"column":31},"end":{"line":341,"column":85}},"128":{"start":{"line":342,"column":23},"end":{"line":348,"column":7}},"129":{"start":{"line":342,"column":63},"end":{"line":348,"column":5}},"130":{"start":{"line":351,"column":25},"end":{"line":351,"column":82}},"131":{"start":{"line":351,"column":55},"end":{"line":351,"column":81}},"132":{"start":{"line":353,"column":4},"end":{"line":355,"column":5}},"133":{"start":{"line":354,"column":6},"end":{"line":354,"column":89}},"134":{"start":{"line":357,"column":24},"end":{"line":357,"column":71}},"135":{"start":{"line":358,"column":4},"end":{"line":358,"column":37}},"136":{"start":{"line":360,"column":4},"end":{"line":360,"column":93}},"137":{"start":{"line":361,"column":4},"end":{"line":361,"column":16}}},"fnMap":{"0":{"name":"(anonymous_0)","decl":{"start":{"line":13,"column":44},"end":{"line":13,"column":45}},"loc":{"start":{"line":13,"column":50},"end":{"line":23,"column":1}},"line":13},"1":{"name":"(anonymous_1)","decl":{"start":{"line":25,"column":41},"end":{"line":25,"column":42}},"loc":{"start":{"line":25,"column":47},"end":{"line":35,"column":1}},"line":25},"2":{"name":"(anonymous_2)","decl":{"start":{"line":37,"column":36},"end":{"line":37,"column":37}},"loc":{"start":{"line":37,"column":42},"end":{"line":61,"column":1}},"line":37},"3":{"name":"(anonymous_3)","decl":{"start":{"line":63,"column":43},"end":{"line":63,"column":44}},"loc":{"start":{"line":63,"column":55},"end":{"line":72,"column":1}},"line":63},"4":{"name":"(anonymous_4)","decl":{"start":{"line":74,"column":38},"end":{"line":74,"column":39}},"loc":{"start":{"line":74,"column":50},"end":{"line":83,"column":1}},"line":74},"5":{"name":"(anonymous_5)","decl":{"start":{"line":85,"column":26},"end":{"line":85,"column":27}},"loc":{"start":{"line":85,"column":32},"end":{"line":114,"column":1}},"line":85},"6":{"name":"(anonymous_6)","decl":{"start":{"line":116,"column":30},"end":{"line":116,"column":31}},"loc":{"start":{"line":116,"column":42},"end":{"line":158,"column":1}},"line":116},"7":{"name":"(anonymous_7)","decl":{"start":{"line":136,"column":38},"end":{"line":136,"column":39}},"loc":{"start":{"line":136,"column":49},"end":{"line":136,"column":64}},"line":136},"8":{"name":"(anonymous_8)","decl":{"start":{"line":160,"column":32},"end":{"line":160,"column":33}},"loc":{"start":{"line":160,"column":43},"end":{"line":166,"column":1}},"line":160},"9":{"name":"(anonymous_9)","decl":{"start":{"line":168,"column":48},"end":{"line":168,"column":49}},"loc":{"start":{"line":168,"column":75},"end":{"line":206,"column":1}},"line":168},"10":{"name":"(anonymous_10)","decl":{"start":{"line":178,"column":33},"end":{"line":178,"column":34}},"loc":{"start":{"line":179,"column":6},"end":{"line":181,"column":7}},"line":179},"11":{"name":"(anonymous_11)","decl":{"start":{"line":180,"column":33},"end":{"line":180,"column":34}},"loc":{"start":{"line":180,"column":51},"end":{"line":180,"column":96}},"line":180},"12":{"name":"(anonymous_12)","decl":{"start":{"line":208,"column":35},"end":{"line":208,"column":36}},"loc":{"start":{"line":208,"column":53},"end":{"line":241,"column":1}},"line":208},"13":{"name":"(anonymous_13)","decl":{"start":{"line":224,"column":43},"end":{"line":224,"column":44}},"loc":{"start":{"line":225,"column":6},"end":{"line":225,"column":23}},"line":225},"14":{"name":"(anonymous_14)","decl":{"start":{"line":243,"column":28},"end":{"line":243,"column":29}},"loc":{"start":{"line":243,"column":53},"end":{"line":252,"column":1}},"line":243},"15":{"name":"(anonymous_15)","decl":{"start":{"line":254,"column":39},"end":{"line":254,"column":40}},"loc":{"start":{"line":254,"column":57},"end":{"line":294,"column":1}},"line":254},"16":{"name":"(anonymous_16)","decl":{"start":{"line":270,"column":43},"end":{"line":270,"column":44}},"loc":{"start":{"line":271,"column":6},"end":{"line":271,"column":23}},"line":271},"17":{"name":"(anonymous_17)","decl":{"start":{"line":277,"column":33},"end":{"line":277,"column":34}},"loc":{"start":{"line":278,"column":6},"end":{"line":280,"column":7}},"line":278},"18":{"name":"(anonymous_18)","decl":{"start":{"line":279,"column":33},"end":{"line":279,"column":34}},"loc":{"start":{"line":279,"column":51},"end":{"line":279,"column":96}},"line":279},"19":{"name":"(anonymous_19)","decl":{"start":{"line":283,"column":30},"end":{"line":283,"column":31}},"loc":{"start":{"line":283,"column":38},"end":{"line":283,"column":52}},"line":283},"20":{"name":"(anonymous_20)","decl":{"start":{"line":285,"column":39},"end":{"line":285,"column":40}},"loc":{"start":{"line":285,"column":45},"end":{"line":285,"column":70}},"line":285},"21":{"name":"(anonymous_21)","decl":{"start":{"line":296,"column":34},"end":{"line":296,"column":35}},"loc":{"start":{"line":296,"column":52},"end":{"line":331,"column":1}},"line":296},"22":{"name":"(anonymous_22)","decl":{"start":{"line":311,"column":39},"end":{"line":311,"column":40}},"loc":{"start":{"line":311,"column":50},"end":{"line":318,"column":5}},"line":311},"23":{"name":"(anonymous_23)","decl":{"start":{"line":333,"column":38},"end":{"line":333,"column":39}},"loc":{"start":{"line":333,"column":57},"end":{"line":363,"column":1}},"line":333},"24":{"name":"(anonymous_24)","decl":{"start":{"line":342,"column":52},"end":{"line":342,"column":53}},"loc":{"start":{"line":342,"column":63},"end":{"line":348,"column":5}},"line":342},"25":{"name":"(anonymous_25)","decl":{"start":{"line":351,"column":43},"end":{"line":351,"column":44}},"loc":{"start":{"line":351,"column":55},"end":{"line":351,"column":81}},"line":351}},"branchMap":{"0":{"loc":{"start":{"line":89,"column":2},"end":{"line":93,"column":3}},"type":"if","locations":[{"start":{"line":89,"column":2},"end":{"line":93,"column":3}},{"start":{"line":91,"column":7},"end":{"line":93,"column":3}}],"line":89},"1":{"loc":{"start":{"line":120,"column":2},"end":{"line":124,"column":3}},"type":"if","locations":[{"start":{"line":120,"column":2},"end":{"line":124,"column":3}},{"start":{"line":122,"column":7},"end":{"line":124,"column":3}}],"line":120},"2":{"loc":{"start":{"line":174,"column":4},"end":{"line":176,"column":5}},"type":"if","locations":[{"start":{"line":174,"column":4},"end":{"line":176,"column":5}},{"start":{},"end":{}}],"line":174},"3":{"loc":{"start":{"line":174,"column":8},"end":{"line":174,"column":46}},"type":"binary-expr","locations":[{"start":{"line":174,"column":8},"end":{"line":174,"column":19}},{"start":{"line":174,"column":23},"end":{"line":174,"column":46}}],"line":174},"4":{"loc":{"start":{"line":180,"column":57},"end":{"line":180,"column":95}},"type":"binary-expr","locations":[{"start":{"line":180,"column":57},"end":{"line":180,"column":64}},{"start":{"line":180,"column":68},"end":{"line":180,"column":75}},{"start":{"line":180,"column":79},"end":{"line":180,"column":86}},{"start":{"line":180,"column":90},"end":{"line":180,"column":95}}],"line":180},"5":{"loc":{"start":{"line":184,"column":4},"end":{"line":186,"column":5}},"type":"if","locations":[{"start":{"line":184,"column":4},"end":{"line":186,"column":5}},{"start":{},"end":{}}],"line":184},"6":{"loc":{"start":{"line":195,"column":6},"end":{"line":198,"column":7}},"type":"if","locations":[{"start":{"line":195,"column":6},"end":{"line":198,"column":7}},{"start":{},"end":{}}],"line":195},"7":{"loc":{"start":{"line":228,"column":4},"end":{"line":230,"column":5}},"type":"if","locations":[{"start":{"line":228,"column":4},"end":{"line":230,"column":5}},{"start":{},"end":{}}],"line":228},"8":{"loc":{"start":{"line":279,"column":57},"end":{"line":279,"column":95}},"type":"binary-expr","locations":[{"start":{"line":279,"column":57},"end":{"line":279,"column":64}},{"start":{"line":279,"column":68},"end":{"line":279,"column":75}},{"start":{"line":279,"column":79},"end":{"line":279,"column":86}},{"start":{"line":279,"column":90},"end":{"line":279,"column":95}}],"line":279},"9":{"loc":{"start":{"line":320,"column":4},"end":{"line":322,"column":5}},"type":"if","locations":[{"start":{"line":320,"column":4},"end":{"line":322,"column":5}},{"start":{},"end":{}}],"line":320},"10":{"loc":{"start":{"line":353,"column":4},"end":{"line":355,"column":5}},"type":"if","locations":[{"start":{"line":353,"column":4},"end":{"line":355,"column":5}},{"start":{},"end":{}}],"line":353}},"s":{"0":1,"1":1,"2":1,"3":1,"4":1,"5":0,"6":0,"7":0,"8":1,"9":0,"10":0,"11":0,"12":1,"13":0,"14":0,"15":0,"16":0,"17":1,"18":1,"19":1,"20":1,"21":1,"22":1,"23":0,"24":0,"25":0,"26":0,"27":1,"28":0,"29":0,"30":0,"31":0,"32":0,"33":0,"34":0,"35":0,"36":0,"37":0,"38":1,"39":0,"40":0,"41":0,"42":0,"43":0,"44":0,"45":0,"46":0,"47":0,"48":0,"49":0,"50":0,"51":0,"52":0,"53":0,"54":1,"55":0,"56":0,"57":1,"58":0,"59":0,"60":0,"61":0,"62":0,"63":0,"64":0,"65":0,"66":0,"67":0,"68":0,"69":0,"70":0,"71":0,"72":0,"73":0,"74":0,"75":0,"76":0,"77":0,"78":0,"79":1,"80":1,"81":1,"82":1,"83":1,"84":8,"85":1,"86":0,"87":1,"88":1,"89":0,"90":0,"91":1,"92":1,"93":1,"94":0,"95":0,"96":0,"97":0,"98":0,"99":0,"100":0,"101":0,"102":0,"103":0,"104":0,"105":0,"106":0,"107":0,"108":0,"109":0,"110":0,"111":0,"112":1,"113":0,"114":0,"115":0,"116":0,"117":0,"118":0,"119":0,"120":0,"121":0,"122":0,"123":0,"124":1,"125":0,"126":0,"127":0,"128":0,"129":0,"130":0,"131":0,"132":0,"133":0,"134":0,"135":0,"136":0,"137":0},"f":{"0":0,"1":0,"2":0,"3":1,"4":0,"5":0,"6":0,"7":0,"8":0,"9":0,"10":0,"11":0,"12":1,"13":8,"14":1,"15":0,"16":0,"17":0,"18":0,"19":0,"20":0,"21":0,"22":0,"23":0,"24":0,"25":0},"b":{"0":[0,0],"1":[0,0],"2":[0,0],"3":[0,0],"4":[0,0,0,0],"5":[0,0],"6":[0,0],"7":[0,1],"8":[0,0,0,0],"9":[0,0],"10":[0,0]},"inputSourceMap":null,"_coverageSchema":"1a1c01bbd47fc00a2c39e90264f33305004495a9","hash":"fb2474126698a56f55444436e4c39adb3796af70"}
,"C:\\Users\\franc\\Desktop\\SAD\\GitLab\\serverless\\__tests__\\steps\\then.mjs": {"path":"C:\\Users\\franc\\Desktop\\SAD\\GitLab\\serverless\\__tests__\\steps\\then.mjs","statementMap":{"0":{"start":{"line":7,"column":0},"end":{"line":7,"column":16}},"1":{"start":{"line":8,"column":137},"end":{"line":8,"column":148}},"2":{"start":{"line":9,"column":17},"end":{"line":9,"column":37}},"3":{"start":{"line":10,"column":16},"end":{"line":10,"column":73}},"4":{"start":{"line":13,"column":33},"end":{"line":46,"column":1}},"5":{"start":{"line":15,"column":17},"end":{"line":17,"column":4}},"6":{"start":{"line":19,"column":17},"end":{"line":28,"column":3}},"7":{"start":{"line":20,"column":4},"end":{"line":27,"column":7}},"8":{"start":{"line":21,"column":6},"end":{"line":26,"column":7}},"9":{"start":{"line":22,"column":8},"end":{"line":22,"column":28}},"10":{"start":{"line":24,"column":27},"end":{"line":24,"column":45}},"11":{"start":{"line":25,"column":8},"end":{"line":25,"column":35}},"12":{"start":{"line":30,"column":2},"end":{"line":44,"column":3}},"13":{"start":{"line":31,"column":20},"end":{"line":39,"column":6}},"14":{"start":{"line":32,"column":6},"end":{"line":38,"column":9}},"15":{"start":{"line":33,"column":8},"end":{"line":37,"column":9}},"16":{"start":{"line":34,"column":10},"end":{"line":34,"column":22}},"17":{"start":{"line":36,"column":10},"end":{"line":36,"column":32}},"18":{"start":{"line":41,"column":4},"end":{"line":41,"column":19}},"19":{"start":{"line":43,"column":4},"end":{"line":43,"column":14}},"20":{"start":{"line":48,"column":41},"end":{"line":75,"column":1}},"21":{"start":{"line":50,"column":24},"end":{"line":57,"column":3}},"22":{"start":{"line":59,"column":2},"end":{"line":73,"column":3}},"23":{"start":{"line":61,"column":27},"end":{"line":61,"column":60}},"24":{"start":{"line":62,"column":17},"end":{"line":62,"column":52}},"25":{"start":{"line":63,"column":4},"end":{"line":66,"column":5}},"26":{"start":{"line":69,"column":4},"end":{"line":72,"column":6}},"27":{"start":{"line":77,"column":38},"end":{"line":101,"column":1}},"28":{"start":{"line":79,"column":2},"end":{"line":99,"column":3}},"29":{"start":{"line":81,"column":20},"end":{"line":84,"column":6}},"30":{"start":{"line":87,"column":21},"end":{"line":87,"column":48}},"31":{"start":{"line":88,"column":4},"end":{"line":91,"column":6}},"32":{"start":{"line":93,"column":4},"end":{"line":98,"column":5}},"33":{"start":{"line":94,"column":6},"end":{"line":97,"column":8}},"34":{"start":{"line":103,"column":47},"end":{"line":130,"column":1}},"35":{"start":{"line":105,"column":24},"end":{"line":112,"column":3}},"36":{"start":{"line":114,"column":2},"end":{"line":128,"column":3}},"37":{"start":{"line":116,"column":27},"end":{"line":116,"column":60}},"38":{"start":{"line":117,"column":17},"end":{"line":117,"column":52}},"39":{"start":{"line":118,"column":4},"end":{"line":121,"column":5}},"40":{"start":{"line":124,"column":4},"end":{"line":127,"column":6}},"41":{"start":{"line":132,"column":48},"end":{"line":171,"column":1}},"42":{"start":{"line":134,"column":2},"end":{"line":169,"column":3}},"43":{"start":{"line":136,"column":17},"end":{"line":136,"column":61}},"44":{"start":{"line":136,"column":42},"end":{"line":136,"column":59}},"45":{"start":{"line":138,"column":19},"end":{"line":144,"column":5}},"46":{"start":{"line":146,"column":21},"end":{"line":146,"column":73}},"47":{"start":{"line":148,"column":27},"end":{"line":148,"column":67}},"48":{"start":{"line":149,"column":25},"end":{"line":149,"column":64}},"49":{"start":{"line":149,"column":54},"end":{"line":149,"column":63}},"50":{"start":{"line":151,"column":21},"end":{"line":151,"column":73}},"51":{"start":{"line":151,"column":47},"end":{"line":151,"column":72}},"52":{"start":{"line":153,"column":4},"end":{"line":163,"column":5}},"53":{"start":{"line":154,"column":6},"end":{"line":157,"column":8}},"54":{"start":{"line":159,"column":6},"end":{"line":162,"column":8}},"55":{"start":{"line":165,"column":4},"end":{"line":168,"column":6}},"56":{"start":{"line":173,"column":50},"end":{"line":207,"column":1}},"57":{"start":{"line":175,"column":2},"end":{"line":205,"column":3}},"58":{"start":{"line":178,"column":17},"end":{"line":181,"column":7}},"59":{"start":{"line":178,"column":43},"end":{"line":181,"column":5}},"60":{"start":{"line":183,"column":19},"end":{"line":189,"column":5}},"61":{"start":{"line":191,"column":21},"end":{"line":191,"column":73}},"62":{"start":{"line":193,"column":27},"end":{"line":193,"column":73}},"63":{"start":{"line":195,"column":4},"end":{"line":198,"column":6}},"64":{"start":{"line":200,"column":4},"end":{"line":200,"column":71}},"65":{"start":{"line":201,"column":4},"end":{"line":204,"column":6}},"66":{"start":{"line":209,"column":45},"end":{"line":239,"column":1}},"67":{"start":{"line":210,"column":2},"end":{"line":238,"column":3}},"68":{"start":{"line":211,"column":19},"end":{"line":217,"column":5}},"69":{"start":{"line":219,"column":21},"end":{"line":219,"column":68}},"70":{"start":{"line":221,"column":4},"end":{"line":231,"column":5}},"71":{"start":{"line":222,"column":6},"end":{"line":225,"column":8}},"72":{"start":{"line":227,"column":6},"end":{"line":230,"column":8}},"73":{"start":{"line":233,"column":4},"end":{"line":233,"column":68}},"74":{"start":{"line":234,"column":4},"end":{"line":237,"column":6}}},"fnMap":{"0":{"name":"(anonymous_0)","decl":{"start":{"line":13,"column":33},"end":{"line":13,"column":34}},"loc":{"start":{"line":13,"column":50},"end":{"line":46,"column":1}},"line":13},"1":{"name":"(anonymous_1)","decl":{"start":{"line":19,"column":17},"end":{"line":19,"column":18}},"loc":{"start":{"line":19,"column":39},"end":{"line":28,"column":3}},"line":19},"2":{"name":"(anonymous_2)","decl":{"start":{"line":20,"column":37},"end":{"line":20,"column":38}},"loc":{"start":{"line":20,"column":51},"end":{"line":27,"column":5}},"line":20},"3":{"name":"(anonymous_3)","decl":{"start":{"line":31,"column":38},"end":{"line":31,"column":39}},"loc":{"start":{"line":31,"column":59},"end":{"line":39,"column":5}},"line":31},"4":{"name":"(anonymous_4)","decl":{"start":{"line":32,"column":59},"end":{"line":32,"column":60}},"loc":{"start":{"line":32,"column":82},"end":{"line":38,"column":7}},"line":32},"5":{"name":"(anonymous_5)","decl":{"start":{"line":48,"column":41},"end":{"line":48,"column":42}},"loc":{"start":{"line":48,"column":59},"end":{"line":75,"column":1}},"line":48},"6":{"name":"(anonymous_6)","decl":{"start":{"line":77,"column":38},"end":{"line":77,"column":39}},"loc":{"start":{"line":77,"column":56},"end":{"line":101,"column":1}},"line":77},"7":{"name":"(anonymous_7)","decl":{"start":{"line":103,"column":47},"end":{"line":103,"column":48}},"loc":{"start":{"line":103,"column":69},"end":{"line":130,"column":1}},"line":103},"8":{"name":"(anonymous_8)","decl":{"start":{"line":132,"column":48},"end":{"line":132,"column":49}},"loc":{"start":{"line":132,"column":70},"end":{"line":171,"column":1}},"line":132},"9":{"name":"(anonymous_9)","decl":{"start":{"line":136,"column":33},"end":{"line":136,"column":34}},"loc":{"start":{"line":136,"column":42},"end":{"line":136,"column":59}},"line":136},"10":{"name":"(anonymous_10)","decl":{"start":{"line":149,"column":44},"end":{"line":149,"column":45}},"loc":{"start":{"line":149,"column":54},"end":{"line":149,"column":63}},"line":149},"11":{"name":"(anonymous_11)","decl":{"start":{"line":151,"column":39},"end":{"line":151,"column":40}},"loc":{"start":{"line":151,"column":47},"end":{"line":151,"column":72}},"line":151},"12":{"name":"(anonymous_12)","decl":{"start":{"line":173,"column":50},"end":{"line":173,"column":51}},"loc":{"start":{"line":173,"column":81},"end":{"line":207,"column":1}},"line":173},"13":{"name":"(anonymous_13)","decl":{"start":{"line":178,"column":30},"end":{"line":178,"column":31}},"loc":{"start":{"line":178,"column":43},"end":{"line":181,"column":5}},"line":178},"14":{"name":"(anonymous_14)","decl":{"start":{"line":209,"column":45},"end":{"line":209,"column":46}},"loc":{"start":{"line":209,"column":77},"end":{"line":239,"column":1}},"line":209}},"branchMap":{"0":{"loc":{"start":{"line":21,"column":6},"end":{"line":26,"column":7}},"type":"if","locations":[{"start":{"line":21,"column":6},"end":{"line":26,"column":7}},{"start":{"line":23,"column":13},"end":{"line":26,"column":7}}],"line":21},"1":{"loc":{"start":{"line":33,"column":8},"end":{"line":37,"column":9}},"type":"if","locations":[{"start":{"line":33,"column":8},"end":{"line":37,"column":9}},{"start":{"line":35,"column":15},"end":{"line":37,"column":9}}],"line":33},"2":{"loc":{"start":{"line":93,"column":4},"end":{"line":98,"column":5}},"type":"if","locations":[{"start":{"line":93,"column":4},"end":{"line":98,"column":5}},{"start":{},"end":{}}],"line":93},"3":{"loc":{"start":{"line":148,"column":27},"end":{"line":148,"column":67}},"type":"binary-expr","locations":[{"start":{"line":148,"column":27},"end":{"line":148,"column":61}},{"start":{"line":148,"column":65},"end":{"line":148,"column":67}}],"line":148},"4":{"loc":{"start":{"line":153,"column":4},"end":{"line":163,"column":5}},"type":"if","locations":[{"start":{"line":153,"column":4},"end":{"line":163,"column":5}},{"start":{"line":158,"column":11},"end":{"line":163,"column":5}}],"line":153},"5":{"loc":{"start":{"line":193,"column":27},"end":{"line":193,"column":73}},"type":"binary-expr","locations":[{"start":{"line":193,"column":27},"end":{"line":193,"column":67}},{"start":{"line":193,"column":71},"end":{"line":193,"column":73}}],"line":193},"6":{"loc":{"start":{"line":221,"column":4},"end":{"line":231,"column":5}},"type":"if","locations":[{"start":{"line":221,"column":4},"end":{"line":231,"column":5}},{"start":{"line":226,"column":11},"end":{"line":231,"column":5}}],"line":221}},"s":{"0":1,"1":1,"2":1,"3":1,"4":1,"5":1,"6":1,"7":1,"8":1,"9":0,"10":1,"11":1,"12":1,"13":1,"14":1,"15":1,"16":0,"17":1,"18":1,"19":0,"20":1,"21":0,"22":0,"23":0,"24":0,"25":0,"26":0,"27":1,"28":0,"29":0,"30":0,"31":0,"32":0,"33":0,"34":1,"35":0,"36":0,"37":0,"38":0,"39":0,"40":0,"41":1,"42":0,"43":0,"44":0,"45":0,"46":0,"47":0,"48":0,"49":0,"50":0,"51":0,"52":0,"53":0,"54":0,"55":0,"56":1,"57":0,"58":0,"59":0,"60":0,"61":0,"62":0,"63":0,"64":0,"65":0,"66":1,"67":1,"68":1,"69":1,"70":1,"71":1,"72":0,"73":0,"74":0},"f":{"0":1,"1":1,"2":1,"3":1,"4":1,"5":0,"6":0,"7":0,"8":0,"9":0,"10":0,"11":0,"12":0,"13":0,"14":1},"b":{"0":[0,1],"1":[0,1],"2":[0,0],"3":[0,0],"4":[0,0],"5":[0,0],"6":[1,0]},"inputSourceMap":null,"_coverageSchema":"1a1c01bbd47fc00a2c39e90264f33305004495a9","hash":"ff631b55a8405a5c2adef8ebe2c64e628de6d3ce"}
,"C:\\Users\\franc\\Desktop\\SAD\\GitLab\\serverless\\__tests__\\steps\\when.mjs": {"path":"C:\\Users\\franc\\Desktop\\SAD\\GitLab\\serverless\\__tests__\\steps\\when.mjs","statementMap":{"0":{"start":{"line":7,"column":0},"end":{"line":7,"column":16}},"1":{"start":{"line":8,"column":75},"end":{"line":8,"column":86}},"2":{"start":{"line":10,"column":24},"end":{"line":26,"column":1}},"3":{"start":{"line":11,"column":2},"end":{"line":14,"column":5}},"4":{"start":{"line":16,"column":2},"end":{"line":25,"column":3}},"5":{"start":{"line":17,"column":21},"end":{"line":20,"column":6}},"6":{"start":{"line":22,"column":4},"end":{"line":22,"column":29}},"7":{"start":{"line":24,"column":4},"end":{"line":24,"column":16}},"8":{"start":{"line":28,"column":42},"end":{"line":42,"column":1}},"9":{"start":{"line":30,"column":24},"end":{"line":32,"column":4}},"10":{"start":{"line":34,"column":20},"end":{"line":36,"column":3}},"11":{"start":{"line":38,"column":15},"end":{"line":38,"column":87}},"12":{"start":{"line":39,"column":19},"end":{"line":39,"column":37}},"13":{"start":{"line":41,"column":2},"end":{"line":41,"column":17}},"14":{"start":{"line":44,"column":36},"end":{"line":79,"column":1}},"15":{"start":{"line":46,"column":18},"end":{"line":69,"column":1}},"16":{"start":{"line":71,"column":20},"end":{"line":73,"column":3}},"17":{"start":{"line":75,"column":15},"end":{"line":75,"column":81}},"18":{"start":{"line":76,"column":19},"end":{"line":76,"column":31}},"19":{"start":{"line":78,"column":2},"end":{"line":78,"column":17}},"20":{"start":{"line":81,"column":39},"end":{"line":97,"column":1}},"21":{"start":{"line":83,"column":21},"end":{"line":87,"column":1}},"22":{"start":{"line":89,"column":20},"end":{"line":91,"column":3}},"23":{"start":{"line":93,"column":15},"end":{"line":93,"column":84}},"24":{"start":{"line":94,"column":19},"end":{"line":94,"column":34}},"25":{"start":{"line":96,"column":2},"end":{"line":96,"column":17}},"26":{"start":{"line":99,"column":39},"end":{"line":107,"column":1}},"27":{"start":{"line":101,"column":22},"end":{"line":101,"column":75}},"28":{"start":{"line":103,"column":18},"end":{"line":103,"column":20}},"29":{"start":{"line":105,"column":2},"end":{"line":105,"column":39}},"30":{"start":{"line":109,"column":36},"end":{"line":117,"column":1}},"31":{"start":{"line":111,"column":22},"end":{"line":111,"column":71}},"32":{"start":{"line":113,"column":18},"end":{"line":113,"column":20}},"33":{"start":{"line":115,"column":2},"end":{"line":115,"column":39}},"34":{"start":{"line":119,"column":46},"end":{"line":134,"column":1}},"35":{"start":{"line":121,"column":28},"end":{"line":124,"column":4}},"36":{"start":{"line":126,"column":20},"end":{"line":128,"column":3}},"37":{"start":{"line":130,"column":15},"end":{"line":130,"column":91}},"38":{"start":{"line":131,"column":19},"end":{"line":131,"column":41}},"39":{"start":{"line":133,"column":2},"end":{"line":133,"column":17}},"40":{"start":{"line":136,"column":41},"end":{"line":151,"column":1}},"41":{"start":{"line":138,"column":23},"end":{"line":141,"column":4}},"42":{"start":{"line":143,"column":20},"end":{"line":145,"column":3}},"43":{"start":{"line":147,"column":15},"end":{"line":147,"column":86}},"44":{"start":{"line":148,"column":19},"end":{"line":148,"column":36}},"45":{"start":{"line":150,"column":2},"end":{"line":150,"column":17}},"46":{"start":{"line":153,"column":42},"end":{"line":170,"column":1}},"47":{"start":{"line":155,"column":23},"end":{"line":158,"column":4}},"48":{"start":{"line":160,"column":20},"end":{"line":162,"column":3}},"49":{"start":{"line":164,"column":2},"end":{"line":164,"column":57}},"50":{"start":{"line":166,"column":15},"end":{"line":166,"column":86}},"51":{"start":{"line":167,"column":19},"end":{"line":167,"column":36}},"52":{"start":{"line":169,"column":2},"end":{"line":169,"column":17}},"53":{"start":{"line":172,"column":43},"end":{"line":180,"column":1}},"54":{"start":{"line":174,"column":22},"end":{"line":174,"column":79}},"55":{"start":{"line":176,"column":18},"end":{"line":176,"column":20}},"56":{"start":{"line":178,"column":2},"end":{"line":178,"column":39}},"57":{"start":{"line":182,"column":44},"end":{"line":210,"column":1}},"58":{"start":{"line":184,"column":26},"end":{"line":197,"column":4}},"59":{"start":{"line":199,"column":20},"end":{"line":204,"column":3}},"60":{"start":{"line":206,"column":15},"end":{"line":206,"column":89}},"61":{"start":{"line":207,"column":19},"end":{"line":207,"column":39}},"62":{"start":{"line":209,"column":2},"end":{"line":209,"column":17}},"63":{"start":{"line":212,"column":39},"end":{"line":246,"column":1}},"64":{"start":{"line":214,"column":21},"end":{"line":232,"column":1}},"65":{"start":{"line":234,"column":20},"end":{"line":240,"column":3}},"66":{"start":{"line":242,"column":15},"end":{"line":242,"column":84}},"67":{"start":{"line":243,"column":2},"end":{"line":243,"column":19}},"68":{"start":{"line":244,"column":19},"end":{"line":244,"column":34}},"69":{"start":{"line":245,"column":2},"end":{"line":245,"column":17}},"70":{"start":{"line":248,"column":41},"end":{"line":256,"column":1}},"71":{"start":{"line":250,"column":22},"end":{"line":250,"column":77}},"72":{"start":{"line":252,"column":18},"end":{"line":252,"column":20}},"73":{"start":{"line":254,"column":2},"end":{"line":254,"column":39}},"74":{"start":{"line":258,"column":40},"end":{"line":313,"column":1}},"75":{"start":{"line":260,"column":18},"end":{"line":300,"column":1}},"76":{"start":{"line":302,"column":20},"end":{"line":307,"column":3}},"77":{"start":{"line":309,"column":15},"end":{"line":309,"column":81}},"78":{"start":{"line":310,"column":19},"end":{"line":310,"column":31}},"79":{"start":{"line":312,"column":2},"end":{"line":312,"column":17}}},"fnMap":{"0":{"name":"(anonymous_0)","decl":{"start":{"line":10,"column":24},"end":{"line":10,"column":25}},"loc":{"start":{"line":10,"column":51},"end":{"line":26,"column":1}},"line":10},"1":{"name":"(anonymous_1)","decl":{"start":{"line":28,"column":42},"end":{"line":28,"column":43}},"loc":{"start":{"line":28,"column":73},"end":{"line":42,"column":1}},"line":28},"2":{"name":"(anonymous_2)","decl":{"start":{"line":44,"column":36},"end":{"line":44,"column":37}},"loc":{"start":{"line":44,"column":66},"end":{"line":79,"column":1}},"line":44},"3":{"name":"(anonymous_3)","decl":{"start":{"line":81,"column":39},"end":{"line":81,"column":40}},"loc":{"start":{"line":81,"column":69},"end":{"line":97,"column":1}},"line":81},"4":{"name":"(anonymous_4)","decl":{"start":{"line":99,"column":39},"end":{"line":99,"column":40}},"loc":{"start":{"line":99,"column":56},"end":{"line":107,"column":1}},"line":99},"5":{"name":"(anonymous_5)","decl":{"start":{"line":109,"column":36},"end":{"line":109,"column":37}},"loc":{"start":{"line":109,"column":53},"end":{"line":117,"column":1}},"line":109},"6":{"name":"(anonymous_6)","decl":{"start":{"line":119,"column":46},"end":{"line":119,"column":47}},"loc":{"start":{"line":119,"column":81},"end":{"line":134,"column":1}},"line":119},"7":{"name":"(anonymous_7)","decl":{"start":{"line":136,"column":41},"end":{"line":136,"column":42}},"loc":{"start":{"line":136,"column":79},"end":{"line":151,"column":1}},"line":136},"8":{"name":"(anonymous_8)","decl":{"start":{"line":153,"column":42},"end":{"line":153,"column":43}},"loc":{"start":{"line":153,"column":80},"end":{"line":170,"column":1}},"line":153},"9":{"name":"(anonymous_9)","decl":{"start":{"line":172,"column":43},"end":{"line":172,"column":44}},"loc":{"start":{"line":172,"column":60},"end":{"line":180,"column":1}},"line":172},"10":{"name":"(anonymous_10)","decl":{"start":{"line":182,"column":44},"end":{"line":182,"column":45}},"loc":{"start":{"line":182,"column":77},"end":{"line":210,"column":1}},"line":182},"11":{"name":"(anonymous_11)","decl":{"start":{"line":212,"column":39},"end":{"line":212,"column":40}},"loc":{"start":{"line":212,"column":75},"end":{"line":246,"column":1}},"line":212},"12":{"name":"(anonymous_12)","decl":{"start":{"line":248,"column":41},"end":{"line":248,"column":42}},"loc":{"start":{"line":248,"column":58},"end":{"line":256,"column":1}},"line":248},"13":{"name":"(anonymous_13)","decl":{"start":{"line":258,"column":40},"end":{"line":258,"column":41}},"loc":{"start":{"line":258,"column":90},"end":{"line":313,"column":1}},"line":258}},"branchMap":{"0":{"loc":{"start":{"line":304,"column":8},"end":{"line":304,"column":28}},"type":"binary-expr","locations":[{"start":{"line":304,"column":8},"end":{"line":304,"column":14}},{"start":{"line":304,"column":18},"end":{"line":304,"column":28}}],"line":304},"1":{"loc":{"start":{"line":305,"column":8},"end":{"line":305,"column":26}},"type":"binary-expr","locations":[{"start":{"line":305,"column":8},"end":{"line":305,"column":13}},{"start":{"line":305,"column":17},"end":{"line":305,"column":26}}],"line":305},"2":{"loc":{"start":{"line":306,"column":8},"end":{"line":306,"column":34}},"type":"binary-expr","locations":[{"start":{"line":306,"column":8},"end":{"line":306,"column":17}},{"start":{"line":306,"column":21},"end":{"line":306,"column":34}}],"line":306}},"s":{"0":1,"1":1,"2":1,"3":1,"4":1,"5":1,"6":1,"7":0,"8":1,"9":0,"10":0,"11":0,"12":0,"13":0,"14":1,"15":0,"16":0,"17":0,"18":0,"19":0,"20":1,"21":0,"22":0,"23":0,"24":0,"25":0,"26":1,"27":0,"28":0,"29":0,"30":1,"31":0,"32":0,"33":0,"34":1,"35":0,"36":0,"37":0,"38":0,"39":0,"40":1,"41":0,"42":0,"43":0,"44":0,"45":0,"46":1,"47":0,"48":0,"49":0,"50":0,"51":0,"52":0,"53":1,"54":0,"55":0,"56":0,"57":1,"58":0,"59":0,"60":0,"61":0,"62":0,"63":1,"64":0,"65":0,"66":0,"67":0,"68":0,"69":0,"70":1,"71":1,"72":1,"73":1,"74":1,"75":0,"76":0,"77":0,"78":0,"79":0},"f":{"0":1,"1":0,"2":0,"3":0,"4":0,"5":0,"6":0,"7":0,"8":0,"9":0,"10":0,"11":0,"12":1,"13":0},"b":{"0":[0,0],"1":[0,0],"2":[0,0]},"inputSourceMap":null,"_coverageSchema":"1a1c01bbd47fc00a2c39e90264f33305004495a9","hash":"bacac9a0bbd958fc8d17ee7a938e5ed82662b663"}
}
