TN:
SF:__tests__\data\functions\create-new-report.mjs
FN:7,(anonymous_0)
FN:27,(anonymous_1)
FN:29,(anonymous_2)
FNF:3
FNH:3
FNDA:1,(anonymous_0)
FNDA:8,(anonymous_1)
FNDA:8,(anonymous_2)
DA:4,1
DA:5,1
DA:7,1
DA:8,1
DA:9,1
DA:11,1
DA:12,0
DA:15,1
DA:25,1
DA:27,8
DA:29,8
DA:31,1
DA:32,0
DA:35,1
DA:37,1
DA:51,1
DA:52,1
DA:54,1
DA:62,1
DA:63,1
DA:65,1
DA:67,0
LF:22
LH:19
BRDA:11,0,0,0
BRDA:11,0,1,1
BRDA:31,1,0,0
BRDA:31,1,1,1
BRDA:31,2,0,1
BRDA:31,2,1,1
BRF:6
BRH:4
end_of_record
TN:
SF:__tests__\lib\graphql.mjs
FN:5,(anonymous_0)
FN:7,(anonymous_1)
FN:20,findUsedFragments
FN:36,(anonymous_3)
FN:44,(anonymous_4)
FNF:5
FNH:0
FNDA:0,(anonymous_0)
FNDA:0,(anonymous_1)
FNDA:0,findUsedFragments
FNDA:0,(anonymous_3)
FNDA:0,(anonymous_4)
DA:4,1
DA:5,1
DA:7,1
DA:8,0
DA:9,0
DA:16,0
DA:21,0
DA:22,0
DA:23,0
DA:24,0
DA:26,0
DA:27,0
DA:29,0
DA:30,0
DA:36,1
DA:37,0
DA:38,0
DA:39,0
DA:42,0
DA:44,0
DA:46,0
DA:47,0
DA:57,0
DA:58,0
DA:59,0
DA:61,0
DA:62,0
DA:63,0
LF:28
LH:4
BRDA:8,0,0,0
BRDA:8,0,1,0
BRDA:20,1,0,0
BRDA:22,2,0,0
BRDA:22,2,1,0
BRDA:22,3,0,0
BRDA:22,3,1,0
BRDA:36,4,0,0
BRDA:38,5,0,0
BRDA:38,5,1,0
BRF:10
BRH:0
end_of_record
TN:
SF:__tests__\lib\lib.mjs
FN:7,generateRandomPassword
FN:13,getRandomChar
FN:38,getInvalidSecret
FN:72,(anonymous_3)
FN:77,(anonymous_4)
FN:114,(anonymous_5)
FNF:6
FNH:0
FNDA:0,generateRandomPassword
FNDA:0,getRandomChar
FNDA:0,getInvalidSecret
FNDA:0,(anonymous_3)
FNDA:0,(anonymous_4)
FNDA:0,(anonymous_5)
DA:5,1
DA:8,0
DA:9,0
DA:10,0
DA:11,0
DA:14,0
DA:15,0
DA:18,0
DA:25,0
DA:26,0
DA:27,0
DA:30,0
DA:31,0
DA:32,0
DA:35,0
DA:40,0
DA:72,1
DA:74,0
DA:77,0
DA:80,0
DA:81,0
DA:85,0
DA:87,0
DA:88,0
DA:89,0
DA:92,0
DA:104,0
DA:107,0
DA:114,1
DA:115,0
DA:117,0
DA:118,0
DA:119,0
DA:121,0
DA:122,0
DA:123,0
DA:124,0
DA:126,0
DA:140,0
DA:143,0
LF:40
LH:3
BRDA:80,0,0,0
BRDA:80,0,1,0
BRDA:119,1,0,0
BRDA:119,1,1,0
BRDA:124,2,0,0
BRDA:124,2,1,0
BRF:6
BRH:0
end_of_record
TN:
SF:__tests__\steps\given.mjs
FN:13,(anonymous_0)
FN:25,(anonymous_1)
FN:37,(anonymous_2)
FN:63,(anonymous_3)
FN:74,(anonymous_4)
FN:85,(anonymous_5)
FN:116,(anonymous_6)
FN:136,(anonymous_7)
FN:160,(anonymous_8)
FN:168,(anonymous_9)
FN:178,(anonymous_10)
FN:180,(anonymous_11)
FN:208,(anonymous_12)
FN:224,(anonymous_13)
FN:243,(anonymous_14)
FN:254,(anonymous_15)
FN:270,(anonymous_16)
FN:277,(anonymous_17)
FN:279,(anonymous_18)
FN:283,(anonymous_19)
FN:285,(anonymous_20)
FN:296,(anonymous_21)
FN:311,(anonymous_22)
FN:333,(anonymous_23)
FN:342,(anonymous_24)
FN:351,(anonymous_25)
FNF:26
FNH:4
FNDA:0,(anonymous_0)
FNDA:0,(anonymous_1)
FNDA:0,(anonymous_2)
FNDA:1,(anonymous_3)
FNDA:0,(anonymous_4)
FNDA:0,(anonymous_5)
FNDA:0,(anonymous_6)
FNDA:0,(anonymous_7)
FNDA:0,(anonymous_8)
FNDA:0,(anonymous_9)
FNDA:0,(anonymous_10)
FNDA:0,(anonymous_11)
FNDA:1,(anonymous_12)
FNDA:8,(anonymous_13)
FNDA:1,(anonymous_14)
FNDA:0,(anonymous_15)
FNDA:0,(anonymous_16)
FNDA:0,(anonymous_17)
FNDA:0,(anonymous_18)
FNDA:0,(anonymous_19)
FNDA:0,(anonymous_20)
FNDA:0,(anonymous_21)
FNDA:0,(anonymous_22)
FNDA:0,(anonymous_23)
FNDA:0,(anonymous_24)
FNDA:0,(anonymous_25)
DA:8,1
DA:9,1
DA:10,1
DA:11,1
DA:13,1
DA:15,0
DA:16,0
DA:18,0
DA:25,1
DA:27,0
DA:28,0
DA:30,0
DA:37,1
DA:39,0
DA:55,0
DA:57,0
DA:59,0
DA:63,1
DA:65,1
DA:66,1
DA:68,1
DA:70,1
DA:74,1
DA:76,0
DA:77,0
DA:79,0
DA:81,0
DA:85,1
DA:87,0
DA:89,0
DA:90,0
DA:92,0
DA:94,0
DA:95,0
DA:96,0
DA:97,0
DA:99,0
DA:101,0
DA:116,1
DA:118,0
DA:120,0
DA:121,0
DA:123,0
DA:125,0
DA:126,0
DA:127,0
DA:128,0
DA:130,0
DA:132,0
DA:134,0
DA:136,0
DA:138,0
DA:141,0
DA:160,1
DA:162,0
DA:164,0
DA:168,1
DA:169,0
DA:171,0
DA:172,0
DA:174,0
DA:175,0
DA:178,0
DA:179,0
DA:180,0
DA:184,0
DA:185,0
DA:188,0
DA:189,0
DA:191,0
DA:192,0
DA:193,0
DA:195,0
DA:196,0
DA:197,0
DA:201,0
DA:203,0
DA:204,0
DA:208,1
DA:210,1
DA:212,1
DA:222,1
DA:224,1
DA:225,8
DA:228,1
DA:229,0
DA:233,1
DA:234,1
DA:237,0
DA:238,0
DA:243,1
DA:245,1
DA:254,1
DA:256,0
DA:258,0
DA:268,0
DA:270,0
DA:271,0
DA:274,0
DA:275,0
DA:277,0
DA:278,0
DA:279,0
DA:283,0
DA:285,0
DA:286,0
DA:287,0
DA:290,0
DA:291,0
DA:296,1
DA:298,0
DA:299,0
DA:309,0
DA:311,0
DA:320,0
DA:321,0
DA:324,0
DA:325,0
DA:328,0
DA:329,0
DA:333,1
DA:334,0
DA:336,0
DA:341,0
DA:342,0
DA:351,0
DA:353,0
DA:354,0
DA:357,0
DA:358,0
DA:360,0
DA:361,0
LF:132
LH:31
BRDA:89,0,0,0
BRDA:89,0,1,0
BRDA:120,1,0,0
BRDA:120,1,1,0
BRDA:174,2,0,0
BRDA:174,2,1,0
BRDA:174,3,0,0
BRDA:174,3,1,0
BRDA:180,4,0,0
BRDA:180,4,1,0
BRDA:180,4,2,0
BRDA:180,4,3,0
BRDA:184,5,0,0
BRDA:184,5,1,0
BRDA:195,6,0,0
BRDA:195,6,1,0
BRDA:228,7,0,0
BRDA:228,7,1,1
BRDA:279,8,0,0
BRDA:279,8,1,0
BRDA:279,8,2,0
BRDA:279,8,3,0
BRDA:320,9,0,0
BRDA:320,9,1,0
BRDA:353,10,0,0
BRDA:353,10,1,0
BRF:26
BRH:1
end_of_record
TN:
SF:__tests__\steps\then.mjs
FN:13,(anonymous_0)
FN:19,(anonymous_1)
FN:20,(anonymous_2)
FN:31,(anonymous_3)
FN:32,(anonymous_4)
FN:48,(anonymous_5)
FN:77,(anonymous_6)
FN:103,(anonymous_7)
FN:132,(anonymous_8)
FN:136,(anonymous_9)
FN:149,(anonymous_10)
FN:151,(anonymous_11)
FN:173,(anonymous_12)
FN:178,(anonymous_13)
FN:209,(anonymous_14)
FNF:15
FNH:6
FNDA:1,(anonymous_0)
FNDA:1,(anonymous_1)
FNDA:1,(anonymous_2)
FNDA:1,(anonymous_3)
FNDA:1,(anonymous_4)
FNDA:0,(anonymous_5)
FNDA:0,(anonymous_6)
FNDA:0,(anonymous_7)
FNDA:0,(anonymous_8)
FNDA:0,(anonymous_9)
FNDA:0,(anonymous_10)
FNDA:0,(anonymous_11)
FNDA:0,(anonymous_12)
FNDA:0,(anonymous_13)
FNDA:1,(anonymous_14)
DA:7,1
DA:8,1
DA:9,1
DA:10,1
DA:13,1
DA:15,1
DA:19,1
DA:20,1
DA:21,1
DA:22,0
DA:24,1
DA:25,1
DA:30,1
DA:31,1
DA:32,1
DA:33,1
DA:34,0
DA:36,1
DA:41,1
DA:43,0
DA:48,1
DA:50,0
DA:59,0
DA:61,0
DA:62,0
DA:63,0
DA:69,0
DA:77,1
DA:79,0
DA:81,0
DA:87,0
DA:88,0
DA:93,0
DA:94,0
DA:103,1
DA:105,0
DA:114,0
DA:116,0
DA:117,0
DA:118,0
DA:124,0
DA:132,1
DA:134,0
DA:136,0
DA:138,0
DA:146,0
DA:148,0
DA:149,0
DA:151,0
DA:153,0
DA:154,0
DA:159,0
DA:165,0
DA:173,1
DA:175,0
DA:178,0
DA:183,0
DA:191,0
DA:193,0
DA:195,0
DA:200,0
DA:201,0
DA:209,1
DA:210,1
DA:211,1
DA:219,1
DA:221,1
DA:222,1
DA:227,0
DA:233,0
DA:234,0
LF:71
LH:28
BRDA:21,0,0,0
BRDA:21,0,1,1
BRDA:33,1,0,0
BRDA:33,1,1,1
BRDA:93,2,0,0
BRDA:93,2,1,0
BRDA:148,3,0,0
BRDA:148,3,1,0
BRDA:153,4,0,0
BRDA:153,4,1,0
BRDA:193,5,0,0
BRDA:193,5,1,0
BRDA:221,6,0,1
BRDA:221,6,1,0
BRF:14
BRH:3
end_of_record
TN:
SF:__tests__\steps\when.mjs
FN:10,(anonymous_0)
FN:28,(anonymous_1)
FN:44,(anonymous_2)
FN:81,(anonymous_3)
FN:99,(anonymous_4)
FN:109,(anonymous_5)
FN:119,(anonymous_6)
FN:136,(anonymous_7)
FN:153,(anonymous_8)
FN:172,(anonymous_9)
FN:182,(anonymous_10)
FN:212,(anonymous_11)
FN:248,(anonymous_12)
FN:258,(anonymous_13)
FNF:14
FNH:2
FNDA:1,(anonymous_0)
FNDA:0,(anonymous_1)
FNDA:0,(anonymous_2)
FNDA:0,(anonymous_3)
FNDA:0,(anonymous_4)
FNDA:0,(anonymous_5)
FNDA:0,(anonymous_6)
FNDA:0,(anonymous_7)
FNDA:0,(anonymous_8)
FNDA:0,(anonymous_9)
FNDA:0,(anonymous_10)
FNDA:0,(anonymous_11)
FNDA:1,(anonymous_12)
FNDA:0,(anonymous_13)
DA:7,1
DA:8,1
DA:10,1
DA:11,1
DA:16,1
DA:17,1
DA:22,1
DA:24,0
DA:28,1
DA:30,0
DA:34,0
DA:38,0
DA:39,0
DA:41,0
DA:44,1
DA:46,0
DA:71,0
DA:75,0
DA:76,0
DA:78,0
DA:81,1
DA:83,0
DA:89,0
DA:93,0
DA:94,0
DA:96,0
DA:99,1
DA:101,0
DA:103,0
DA:105,0
DA:109,1
DA:111,0
DA:113,0
DA:115,0
DA:119,1
DA:121,0
DA:126,0
DA:130,0
DA:131,0
DA:133,0
DA:136,1
DA:138,0
DA:143,0
DA:147,0
DA:148,0
DA:150,0
DA:153,1
DA:155,0
DA:160,0
DA:164,0
DA:166,0
DA:167,0
DA:169,0
DA:172,1
DA:174,0
DA:176,0
DA:178,0
DA:182,1
DA:184,0
DA:199,0
DA:206,0
DA:207,0
DA:209,0
DA:212,1
DA:214,0
DA:234,0
DA:242,0
DA:243,0
DA:244,0
DA:245,0
DA:248,1
DA:250,1
DA:252,1
DA:254,1
DA:258,1
DA:260,0
DA:302,0
DA:309,0
DA:310,0
DA:312,0
LF:80
LH:23
BRDA:304,0,0,0
BRDA:304,0,1,0
BRDA:305,1,0,0
BRDA:305,1,1,0
BRDA:306,2,0,0
BRDA:306,2,1,0
BRF:6
BRH:0
end_of_record
